<?xml version="1.0" encoding="UTF-8"?>
<!-- Generated by org.testng.reporters.JUnitXMLReporter -->
<testsuite ignored="0" hostname="DESKTOP-C75M3F7" failures="1" tests="3" name="Test" time="41.748" errors="0" timestamp="2023-12-22T03:03:42 SAST">
  <testcase classname="qa.tests.Testcase1" name="testMethodForEnteringCredentials" time="4.866">
    <skipped/>
  </testcase> <!-- testMethodForEnteringCredentials -->
  <testcase classname="qa.tests.Testcase1" name="testMethodForEnteringCredentials" time="7.05">
    <skipped/>
  </testcase> <!-- testMethodForEnteringCredentials -->
  <testcase classname="qa.tests.Testcase1" name="testMethodForEnteringCredentials" time="4.471">
    <failure type="java.lang.AssertionError" message="Element not found expected [true] but found [false]">
      <![CDATA[java.lang.AssertionError: Element not found expected [true] but found [false]
at pageEvents.LoginPageEvents.verifyIfLoginPageIsLoaded(LoginPageEvents.java:12)
at qa.tests.Testcase1.testMethodForEnteringCredentials(Testcase1.java:19)
at java.base/java.util.ArrayList.forEach(ArrayList.java:1511)
... Removed 30 stack frames]]>
    </failure>
  </testcase> <!-- testMethodForEnteringCredentials -->
</testsuite> <!-- Test -->
